<?xml version="1.0" encoding="UTF-8"?>
<testsuite name="com.toni.recipe.converters.IngredientCommandToIngredientTest" tests="4" skipped="0" failures="0" errors="0" timestamp="2020-02-11T18:05:20" hostname="equipo-toni" time="0.004">
  <properties/>
  <testcase name="testEmptyObject" classname="com.toni.recipe.converters.IngredientCommandToIngredientTest" time="0.0"/>
  <testcase name="convert" classname="com.toni.recipe.converters.IngredientCommandToIngredientTest" time="0.003"/>
  <testcase name="convertWithNullUOM" classname="com.toni.recipe.converters.IngredientCommandToIngredientTest" time="0.0"/>
  <testcase name="testNullObject" classname="com.toni.recipe.converters.IngredientCommandToIngredientTest" time="0.0"/>
  <system-out><![CDATA[]]></system-out>
  <system-err><![CDATA[]]></system-err>
</testsuite>
