<?xml version="1.0" encoding="UTF-8"?>
<testsuite name="com.toni.recipe.converters.UnitOfMeasureToUnitOfMeasureCommandTest" tests="3" skipped="0" failures="0" errors="0" timestamp="2020-02-11T18:05:20" hostname="equipo-toni" time="0.001">
  <properties/>
  <testcase name="testNullObjectConvert" classname="com.toni.recipe.converters.UnitOfMeasureToUnitOfMeasureCommandTest" time="0.0"/>
  <testcase name="convert" classname="com.toni.recipe.converters.UnitOfMeasureToUnitOfMeasureCommandTest" time="0.001"/>
  <testcase name="testEmptyObj" classname="com.toni.recipe.converters.UnitOfMeasureToUnitOfMeasureCommandTest" time="0.0"/>
  <system-out><![CDATA[]]></system-out>
  <system-err><![CDATA[]]></system-err>
</testsuite>
