<?xml version="1.0" encoding="UTF-8"?>
<testsuite name="guru.springframework.converters.CategoryCommandToCategoryTest" tests="3" skipped="0" failures="0" errors="0" timestamp="2020-02-11T18:05:15" hostname="equipo-toni" time="0.034">
  <properties/>
  <testcase name="testEmptyObject" classname="guru.springframework.converters.CategoryCommandToCategoryTest" time="0.029"/>
  <testcase name="convert" classname="guru.springframework.converters.CategoryCommandToCategoryTest" time="0.0"/>
  <testcase name="testNullObject" classname="guru.springframework.converters.CategoryCommandToCategoryTest" time="0.003"/>
  <system-out><![CDATA[]]></system-out>
  <system-err><![CDATA[]]></system-err>
</testsuite>
