<?xml version="1.0" encoding="UTF-8"?>
<testsuite name="com.toni.recipe.converters.RecipeToRecipeCommandTest" tests="3" skipped="0" failures="0" errors="0" timestamp="2020-02-10T17:53:42" hostname="equipo-toni" time="0.004">
  <properties/>
  <testcase name="testEmptyObject" classname="com.toni.recipe.converters.RecipeToRecipeCommandTest" time="0.0"/>
  <testcase name="convert" classname="com.toni.recipe.converters.RecipeToRecipeCommandTest" time="0.002"/>
  <testcase name="testNullObject" classname="com.toni.recipe.converters.RecipeToRecipeCommandTest" time="0.001"/>
  <system-out><![CDATA[]]></system-out>
  <system-err><![CDATA[]]></system-err>
</testsuite>
