<?xml version="1.0" encoding="UTF-8"?>
<testsuite name="guru.springframework.converters.CategoryCommandToCategoryTest" tests="3" skipped="0" failures="0" errors="0" timestamp="2020-02-10T17:53:28" hostname="equipo-toni" time="0.007">
  <properties/>
  <testcase name="testEmptyObject" classname="guru.springframework.converters.CategoryCommandToCategoryTest" time="0.004"/>
  <testcase name="convert" classname="guru.springframework.converters.CategoryCommandToCategoryTest" time="0.001"/>
  <testcase name="testNullObject" classname="guru.springframework.converters.CategoryCommandToCategoryTest" time="0.0"/>
  <system-out><![CDATA[]]></system-out>
  <system-err><![CDATA[]]></system-err>
</testsuite>
