<?xml version="1.0" encoding="UTF-8"?>
<testsuite name="com.toni.recipe.controllers.IndexControllerTest" tests="2" skipped="0" failures="0" errors="0" timestamp="2020-02-11T18:05:15" hostname="equipo-toni" time="3.043">
  <properties/>
  <testcase name="getIndexPageTest" classname="com.toni.recipe.controllers.IndexControllerTest" time="1.941"/>
  <testcase name="testMockMVC" classname="com.toni.recipe.controllers.IndexControllerTest" time="1.101"/>
  <system-out><![CDATA[2020-02-11 19:05:17.790  INFO 6334 --- [    Test worker] o.s.mock.web.MockServletContext          : Initializing Spring TestDispatcherServlet ''
2020-02-11 19:05:17.791  INFO 6334 --- [    Test worker] o.s.t.web.servlet.TestDispatcherServlet  : Initializing Servlet ''
2020-02-11 19:05:17.792  INFO 6334 --- [    Test worker] o.s.t.web.servlet.TestDispatcherServlet  : Completed initialization in 1 ms
]]></system-out>
  <system-err><![CDATA[]]></system-err>
</testsuite>
