<?xml version="1.0" encoding="UTF-8"?>
<testsuite name="com.toni.recipe.services.IngredientServiceImplTest" tests="4" skipped="0" failures="0" errors="0" timestamp="2020-02-11T18:05:20" hostname="equipo-toni" time="0.032">
  <properties/>
  <testcase name="findByRecipeIdAndReceipeIdHappyPath" classname="com.toni.recipe.services.IngredientServiceImplTest" time="0.01"/>
  <testcase name="findByRecipeIdAndId" classname="com.toni.recipe.services.IngredientServiceImplTest" time="0.001"/>
  <testcase name="testDeleteById" classname="com.toni.recipe.services.IngredientServiceImplTest" time="0.009"/>
  <testcase name="testSaveRecipeCommand" classname="com.toni.recipe.services.IngredientServiceImplTest" time="0.007"/>
  <system-out><![CDATA[]]></system-out>
  <system-err><![CDATA[]]></system-err>
</testsuite>
