<?xml version="1.0" encoding="UTF-8"?>
<testsuite name="com.toni.recipe.converters.IngredientToIngredientCommandTest" tests="4" skipped="0" failures="0" errors="0" timestamp="2020-02-10T17:53:42" hostname="equipo-toni" time="0.003">
  <properties/>
  <testcase name="testConvertWithUom" classname="com.toni.recipe.converters.IngredientToIngredientCommandTest" time="0.001"/>
  <testcase name="testConvertNullUOM" classname="com.toni.recipe.converters.IngredientToIngredientCommandTest" time="0.0"/>
  <testcase name="testEmptyObject" classname="com.toni.recipe.converters.IngredientToIngredientCommandTest" time="0.0"/>
  <testcase name="testNullConvert" classname="com.toni.recipe.converters.IngredientToIngredientCommandTest" time="0.0"/>
  <system-out><![CDATA[]]></system-out>
  <system-err><![CDATA[]]></system-err>
</testsuite>
