<?xml version="1.0" encoding="UTF-8"?>
<testsuite name="com.toni.recipe.controllers.ImageControllerTest" tests="3" skipped="0" failures="0" errors="0" timestamp="2020-02-11T18:05:18" hostname="equipo-toni" time="0.236">
  <properties/>
  <testcase name="getImageForm" classname="com.toni.recipe.controllers.ImageControllerTest" time="0.096"/>
  <testcase name="handleImagePost" classname="com.toni.recipe.controllers.ImageControllerTest" time="0.076"/>
  <testcase name="renderImageFromDB" classname="com.toni.recipe.controllers.ImageControllerTest" time="0.062"/>
  <system-out><![CDATA[2020-02-11 19:05:19.001  INFO 6334 --- [    Test worker] o.s.mock.web.MockServletContext          : Initializing Spring TestDispatcherServlet ''
2020-02-11 19:05:19.001  INFO 6334 --- [    Test worker] o.s.t.web.servlet.TestDispatcherServlet  : Initializing Servlet ''
2020-02-11 19:05:19.002  INFO 6334 --- [    Test worker] o.s.t.web.servlet.TestDispatcherServlet  : Completed initialization in 1 ms
2020-02-11 19:05:19.054  INFO 6334 --- [    Test worker] o.s.mock.web.MockServletContext          : Initializing Spring TestDispatcherServlet ''
2020-02-11 19:05:19.054  INFO 6334 --- [    Test worker] o.s.t.web.servlet.TestDispatcherServlet  : Initializing Servlet ''
2020-02-11 19:05:19.055  INFO 6334 --- [    Test worker] o.s.t.web.servlet.TestDispatcherServlet  : Completed initialization in 1 ms
2020-02-11 19:05:19.134  INFO 6334 --- [    Test worker] o.s.mock.web.MockServletContext          : Initializing Spring TestDispatcherServlet ''
2020-02-11 19:05:19.139  INFO 6334 --- [    Test worker] o.s.t.web.servlet.TestDispatcherServlet  : Initializing Servlet ''
2020-02-11 19:05:19.140  INFO 6334 --- [    Test worker] o.s.t.web.servlet.TestDispatcherServlet  : Completed initialization in 1 ms
]]></system-out>
  <system-err><![CDATA[]]></system-err>
</testsuite>
