<?xml version="1.0" encoding="UTF-8"?>
<testsuite name="com.toni.recipe.controllers.IngredientControllerTest" tests="6" skipped="0" failures="0" errors="0" timestamp="2020-02-11T18:05:18" hostname="equipo-toni" time="0.751">
  <properties/>
  <testcase name="testNewIngredientForm" classname="com.toni.recipe.controllers.IngredientControllerTest" time="0.361"/>
  <testcase name="testShowIngredient" classname="com.toni.recipe.controllers.IngredientControllerTest" time="0.081"/>
  <testcase name="testListIngredients" classname="com.toni.recipe.controllers.IngredientControllerTest" time="0.077"/>
  <testcase name="testUpdateIngredientForm" classname="com.toni.recipe.controllers.IngredientControllerTest" time="0.07"/>
  <testcase name="testDeleteIngredient" classname="com.toni.recipe.controllers.IngredientControllerTest" time="0.071"/>
  <testcase name="testSaveOrUpdate" classname="com.toni.recipe.controllers.IngredientControllerTest" time="0.075"/>
  <system-out><![CDATA[2020-02-11 19:05:18.453  INFO 6334 --- [    Test worker] o.s.mock.web.MockServletContext          : Initializing Spring TestDispatcherServlet ''
2020-02-11 19:05:18.454  INFO 6334 --- [    Test worker] o.s.t.web.servlet.TestDispatcherServlet  : Initializing Servlet ''
2020-02-11 19:05:18.454  INFO 6334 --- [    Test worker] o.s.t.web.servlet.TestDispatcherServlet  : Completed initialization in 0 ms
2020-02-11 19:05:18.589  INFO 6334 --- [    Test worker] o.s.mock.web.MockServletContext          : Initializing Spring TestDispatcherServlet ''
2020-02-11 19:05:18.592  INFO 6334 --- [    Test worker] o.s.t.web.servlet.TestDispatcherServlet  : Initializing Servlet ''
2020-02-11 19:05:18.595  INFO 6334 --- [    Test worker] o.s.t.web.servlet.TestDispatcherServlet  : Completed initialization in 1 ms
2020-02-11 19:05:18.666  INFO 6334 --- [    Test worker] o.s.mock.web.MockServletContext          : Initializing Spring TestDispatcherServlet ''
2020-02-11 19:05:18.675  INFO 6334 --- [    Test worker] o.s.t.web.servlet.TestDispatcherServlet  : Initializing Servlet ''
2020-02-11 19:05:18.676  INFO 6334 --- [    Test worker] o.s.t.web.servlet.TestDispatcherServlet  : Completed initialization in 0 ms
2020-02-11 19:05:18.746  INFO 6334 --- [    Test worker] o.s.mock.web.MockServletContext          : Initializing Spring TestDispatcherServlet ''
2020-02-11 19:05:18.746  INFO 6334 --- [    Test worker] o.s.t.web.servlet.TestDispatcherServlet  : Initializing Servlet ''
2020-02-11 19:05:18.747  INFO 6334 --- [    Test worker] o.s.t.web.servlet.TestDispatcherServlet  : Completed initialization in 0 ms
2020-02-11 19:05:18.811  INFO 6334 --- [    Test worker] o.s.mock.web.MockServletContext          : Initializing Spring TestDispatcherServlet ''
2020-02-11 19:05:18.812  INFO 6334 --- [    Test worker] o.s.t.web.servlet.TestDispatcherServlet  : Initializing Servlet ''
2020-02-11 19:05:18.812  INFO 6334 --- [    Test worker] o.s.t.web.servlet.TestDispatcherServlet  : Completed initialization in 0 ms
2020-02-11 19:05:18.869  INFO 6334 --- [    Test worker] o.s.mock.web.MockServletContext          : Initializing Spring TestDispatcherServlet ''
2020-02-11 19:05:18.869  INFO 6334 --- [    Test worker] o.s.t.web.servlet.TestDispatcherServlet  : Initializing Servlet ''
2020-02-11 19:05:18.870  INFO 6334 --- [    Test worker] o.s.t.web.servlet.TestDispatcherServlet  : Completed initialization in 0 ms
]]></system-out>
  <system-err><![CDATA[]]></system-err>
</testsuite>
