<?xml version="1.0" encoding="UTF-8"?>
<testsuite name="com.toni.recipe.controllers.RecipeControllerTest" tests="7" skipped="0" failures="0" errors="0" timestamp="2020-02-11T18:05:19" hostname="equipo-toni" time="0.965">
  <properties/>
  <testcase name="testPostNewRecipeForm" classname="com.toni.recipe.controllers.RecipeControllerTest" time="0.469"/>
  <testcase name="testGetNewRecipeForm" classname="com.toni.recipe.controllers.RecipeControllerTest" time="0.113"/>
  <testcase name="testGetRecipeNotFound" classname="com.toni.recipe.controllers.RecipeControllerTest" time="0.065"/>
  <testcase name="testPostNewRecipeFormValidationFail" classname="com.toni.recipe.controllers.RecipeControllerTest" time="0.147"/>
  <testcase name="testDeleteAction" classname="com.toni.recipe.controllers.RecipeControllerTest" time="0.048"/>
  <testcase name="testGetUpdateView" classname="com.toni.recipe.controllers.RecipeControllerTest" time="0.045"/>
  <testcase name="testGetRecipe" classname="com.toni.recipe.controllers.RecipeControllerTest" time="0.072"/>
  <system-out><![CDATA[2020-02-11 19:05:19.210  INFO 6334 --- [    Test worker] o.s.mock.web.MockServletContext          : Initializing Spring TestDispatcherServlet ''
2020-02-11 19:05:19.211  INFO 6334 --- [    Test worker] o.s.t.web.servlet.TestDispatcherServlet  : Initializing Servlet ''
2020-02-11 19:05:19.211  INFO 6334 --- [    Test worker] o.s.t.web.servlet.TestDispatcherServlet  : Completed initialization in 0 ms
2020-02-11 19:05:19.723  INFO 6334 --- [    Test worker] o.s.mock.web.MockServletContext          : Initializing Spring TestDispatcherServlet ''
2020-02-11 19:05:19.723  INFO 6334 --- [    Test worker] o.s.t.web.servlet.TestDispatcherServlet  : Initializing Servlet ''
2020-02-11 19:05:19.724  INFO 6334 --- [    Test worker] o.s.t.web.servlet.TestDispatcherServlet  : Completed initialization in 1 ms
2020-02-11 19:05:19.771  INFO 6334 --- [    Test worker] o.s.mock.web.MockServletContext          : Initializing Spring TestDispatcherServlet ''
2020-02-11 19:05:19.772  INFO 6334 --- [    Test worker] o.s.t.web.servlet.TestDispatcherServlet  : Initializing Servlet ''
2020-02-11 19:05:19.773  INFO 6334 --- [    Test worker] o.s.t.web.servlet.TestDispatcherServlet  : Completed initialization in 0 ms
2020-02-11 19:05:19.792 ERROR 6334 --- [    Test worker] c.t.recipe.controllers.RecipeController  : Handling not found exception
2020-02-11 19:05:19.797 ERROR 6334 --- [    Test worker] c.t.recipe.controllers.RecipeController  : null
2020-02-11 19:05:19.843  INFO 6334 --- [    Test worker] o.s.mock.web.MockServletContext          : Initializing Spring TestDispatcherServlet ''
2020-02-11 19:05:19.844  INFO 6334 --- [    Test worker] o.s.t.web.servlet.TestDispatcherServlet  : Initializing Servlet ''
2020-02-11 19:05:19.844  INFO 6334 --- [    Test worker] o.s.t.web.servlet.TestDispatcherServlet  : Completed initialization in 0 ms
2020-02-11 19:05:19.983  INFO 6334 --- [    Test worker] o.s.mock.web.MockServletContext          : Initializing Spring TestDispatcherServlet ''
2020-02-11 19:05:19.984  INFO 6334 --- [    Test worker] o.s.t.web.servlet.TestDispatcherServlet  : Initializing Servlet ''
2020-02-11 19:05:19.985  INFO 6334 --- [    Test worker] o.s.t.web.servlet.TestDispatcherServlet  : Completed initialization in 0 ms
2020-02-11 19:05:20.029  INFO 6334 --- [    Test worker] o.s.mock.web.MockServletContext          : Initializing Spring TestDispatcherServlet ''
2020-02-11 19:05:20.032  INFO 6334 --- [    Test worker] o.s.t.web.servlet.TestDispatcherServlet  : Initializing Servlet ''
2020-02-11 19:05:20.034  INFO 6334 --- [    Test worker] o.s.t.web.servlet.TestDispatcherServlet  : Completed initialization in 1 ms
2020-02-11 19:05:20.080  INFO 6334 --- [    Test worker] o.s.mock.web.MockServletContext          : Initializing Spring TestDispatcherServlet ''
2020-02-11 19:05:20.081  INFO 6334 --- [    Test worker] o.s.t.web.servlet.TestDispatcherServlet  : Initializing Servlet ''
2020-02-11 19:05:20.089  INFO 6334 --- [    Test worker] o.s.t.web.servlet.TestDispatcherServlet  : Completed initialization in 8 ms
]]></system-out>
  <system-err><![CDATA[]]></system-err>
</testsuite>
