<?xml version="1.0" encoding="UTF-8"?>
<testsuite name="com.toni.recipe.domain.CategoryTest" tests="3" skipped="0" failures="0" errors="0" timestamp="2020-02-10T17:53:42" hostname="equipo-toni" time="0.002">
  <properties/>
  <testcase name="getId" classname="com.toni.recipe.domain.CategoryTest" time="0.0"/>
  <testcase name="getDescription" classname="com.toni.recipe.domain.CategoryTest" time="0.001"/>
  <testcase name="getRecipes" classname="com.toni.recipe.domain.CategoryTest" time="0.0"/>
  <system-out><![CDATA[]]></system-out>
  <system-err><![CDATA[]]></system-err>
</testsuite>
