<?xml version="1.0" encoding="UTF-8"?>
<testsuite name="com.toni.recipe.services.RecipeServiceImplTest" tests="5" skipped="0" failures="0" errors="0" timestamp="2020-02-11T18:05:20" hostname="equipo-toni" time="0.123">
  <properties/>
  <testcase name="getRecipeByIdTestNotFound" classname="com.toni.recipe.services.RecipeServiceImplTest" time="0.1"/>
  <testcase name="testDeleteById" classname="com.toni.recipe.services.RecipeServiceImplTest" time="0.005"/>
  <testcase name="getRecipesTest" classname="com.toni.recipe.services.RecipeServiceImplTest" time="0.005"/>
  <testcase name="getRecipeByIdTest" classname="com.toni.recipe.services.RecipeServiceImplTest" time="0.004"/>
  <testcase name="getRecipeCommandByIdTest" classname="com.toni.recipe.services.RecipeServiceImplTest" time="0.008"/>
  <system-out><![CDATA[]]></system-out>
  <system-err><![CDATA[]]></system-err>
</testsuite>
